{
  "RSpec": {
    "coverage": {
      "/Users/ericmielke/turing/module_4/tea_challenge/jasmine_dragon/app/models/application_record.rb": {
        "lines": [
          0,
          0,
          0
        ],
        "branches": {
        }
      },
      "/Users/ericmielke/turing/module_4/tea_challenge/jasmine_dragon/app/controllers/application_controller.rb": {
        "lines": [
          0,
          0
        ],
        "branches": {
        }
      }
    },
    "timestamp": 1649710133
  }
}
